#
# There is insufficient memory for the Java Runtime Environment to continue.
# Native memory allocation (malloc) failed to allocate 1048576 bytes for AllocateHeap
# Possible reasons:
#   The system is out of physical RAM or swap space
#   The process is running with CompressedOops enabled, and the Java Heap may be blocking the growth of the native heap
# Possible solutions:
#   Reduce memory load on the system
#   Increase physical memory or swap space
#   Check if swap backing store is full
#   Decrease Java heap size (-Xmx/-Xms)
#   Decrease number of Java threads
#   Decrease Java thread stack sizes (-Xss)
#   Set larger code cache with -XX:ReservedCodeCacheSize=
#   JVM is running with Unscaled Compressed Oops mode in which the Java heap is
#     placed in the first 4GB address space. The Java Heap base address is the
#     maximum limit for the native heap growth. Please use -XX:HeapBaseMinAddress
#     to set the Java Heap base and to place the Java Heap above 4GB virtual address.
# This output file may be truncated or incomplete.
#
#  Out of Memory Error (allocation.cpp:44), pid=12376, tid=5936
#
# JRE version:  (21.0.2+13) (build )
# Java VM: Java HotSpot(TM) 64-Bit Server VM (21.0.2+13-LTS-58, mixed mode, sharing, tiered, compressed oops, compressed class ptrs, g1 gc, windows-amd64)
# No core dump will be written. Minidumps are not enabled by default on client versions of Windows
#

---------------  S U M M A R Y ------------

Command Line: -Dnet.bytebuddy.agent.attacher.dump= net.bytebuddy.agent.Attacher com.sun.tools.attach.VirtualMachine 9800 C:\Users\amaur\.m2\repository\net\bytebuddy\byte-buddy-agent\1.17.8\byte-buddy-agent-1.17.8.jar false 

Host: Intel(R) Core(TM) i5 CPU       M 430  @ 2.27GHz, 4 cores, 7G,  Windows 10 , 64 bit Build 19041 (10.0.19041.5915)
Time: Sat Nov  8 21:42:11 2025 Hora oficial do Brasil elapsed time: 0.351056 seconds (0d 0h 0m 0s)

---------------  T H R E A D  ---------------

Current thread (0x000001870d0be260):  JavaThread "Unknown thread" [_thread_in_vm, id=5936, stack(0x00000067d9500000,0x00000067d9600000) (1024K)]

Stack: [0x00000067d9500000,0x00000067d9600000]
Native frames: (J=compiled Java code, j=interpreted, Vv=VM code, C=native code)
V  [jvm.dll+0x6cade9]
V  [jvm.dll+0x8569c1]
V  [jvm.dll+0x858d2e]
V  [jvm.dll+0x859413]
V  [jvm.dll+0x280e56]
V  [jvm.dll+0xbeb17]
V  [jvm.dll+0x331af5]
V  [jvm.dll+0x32a141]
V  [jvm.dll+0x81efa9]
V  [jvm.dll+0x3bba01]
V  [jvm.dll+0x807928]
V  [jvm.dll+0x44f50e]
V  [jvm.dll+0x450e11]
C  [jli.dll+0x52a3]
C  [ucrtbase.dll+0x21bb2]
C  [KERNEL32.DLL+0x17374]
C  [ntdll.dll+0x4cc91]


---------------  P R O C E S S  ---------------

Threads class SMR info:
_java_thread_list=0x00007ff9fcfbbb88, length=0, elements={
}

Java Threads: ( => current thread )
Total: 0

Other Threads:
  0x000001870f1cc930 WorkerThread "GC Thread#0"                     [id=14436, stack(0x00000067d9600000,0x00000067d9700000) (1024K)]

[error occurred during error reporting (printing all threads), id 0xc0000005, EXCEPTION_ACCESS_VIOLATION (0xc0000005) at pc=0x00007ff9fc726680]
VM state: not at safepoint (not fully initialized)

VM Mutex/Monitor currently owned by a thread:  ([mutex/lock_event])
[0x00007ff9fd02ce68] Heap_lock - owner thread: 0x000001870d0be260

Heap address: 0x0000000083200000, size: 1998 MB, Compressed Oops mode: 32-bit

CDS archive(s) mapped at: [0x0000000000000000-0x0000000000000000-0x0000000000000000), size 0, SharedBaseAddress: 0x0000000800000000, ArchiveRelocationMode: 1.
Narrow klass base: 0x0000000000000000, Narrow klass shift: 0, Narrow klass range: 0x0

GC Precious Log:
 CardTable entry size: 512
 Card Set container configuration: InlinePtr #cards 5 size 8 Array Of Cards #cards 12 size 40 Howl #buckets 4 coarsen threshold 1843 Howl Bitmap #cards 512 size 80 coarsen threshold 460 Card regions per heap region 1 cards per card region 2048

Heap:
 garbage-first heap   total 0K, used 0K [0x0000000083200000, 0x0000000100000000)
  region size 1024K, 0 young (0K), 0 survivors (0K)

[error occurred during error reporting (printing heap information), id 0xc0000005, EXCEPTION_ACCESS_VIOLATION (0xc0000005) at pc=0x00007ff9fcb139f9]
GC Heap History (0 events):
No events

Dll operation events (1 events):
Event: 0.014 Loaded shared library C:\Program Files\Java\jdk-21\bin\java.dll

Deoptimization events (0 events):
No events

Classes loaded (0 events):
No events

Classes unloaded (0 events):
No events

Classes redefined (0 events):
No events

Internal exceptions (0 events):
No events

ZGC Phase Switch (0 events):
No events

VM Operations (0 events):
No events

Events (0 events):
No events


Dynamic libraries:
0x00007ff7839d0000 - 0x00007ff7839e0000 	C:\Program Files\Java\jdk-21\bin\java.exe
0x00007ffa47210000 - 0x00007ffa47408000 	C:\Windows\SYSTEM32\ntdll.dll
0x00007ffa46170000 - 0x00007ffa46232000 	C:\Windows\System32\KERNEL32.DLL
0x00007ffa44e00000 - 0x00007ffa450f6000 	C:\Windows\System32\KERNELBASE.dll
0x00007ffa45100000 - 0x00007ffa45200000 	C:\Windows\System32\ucrtbase.dll
0x00007ffa40080000 - 0x00007ffa4009b000 	C:\Program Files\Java\jdk-21\bin\VCRUNTIME140.dll
0x00007ffa400a0000 - 0x00007ffa400b9000 	C:\Program Files\Java\jdk-21\bin\jli.dll
0x00007ffa46620000 - 0x00007ffa466d1000 	C:\Windows\System32\ADVAPI32.dll
0x00007ffa45b80000 - 0x00007ffa45c1e000 	C:\Windows\System32\msvcrt.dll
0x00007ffa46240000 - 0x00007ffa462df000 	C:\Windows\System32\sechost.dll
0x00007ffa46760000 - 0x00007ffa46880000 	C:\Windows\System32\RPCRT4.dll
0x00007ffa448a0000 - 0x00007ffa448c7000 	C:\Windows\System32\bcrypt.dll
0x00007ffa46440000 - 0x00007ffa465e1000 	C:\Windows\System32\USER32.dll
0x00007ffa32fa0000 - 0x00007ffa3323b000 	C:\Windows\WinSxS\amd64_microsoft.windows.common-controls_6595b64144ccf1df_6.0.19041.6456_none_60b8a6cb71f64256\COMCTL32.dll
0x00007ffa45200000 - 0x00007ffa45222000 	C:\Windows\System32\win32u.dll
0x00007ffa462e0000 - 0x00007ffa4630b000 	C:\Windows\System32\GDI32.dll
0x00007ffa448d0000 - 0x00007ffa449e9000 	C:\Windows\System32\gdi32full.dll
0x00007ffa44c20000 - 0x00007ffa44cbd000 	C:\Windows\System32\msvcp_win.dll
0x00007ffa39730000 - 0x00007ffa3973a000 	C:\Windows\SYSTEM32\VERSION.dll
0x00007ffa45620000 - 0x00007ffa4564f000 	C:\Windows\System32\IMM32.DLL
0x00007ffa40110000 - 0x00007ffa4011c000 	C:\Program Files\Java\jdk-21\bin\vcruntime140_1.dll
0x00007ffa36b90000 - 0x00007ffa36c1e000 	C:\Program Files\Java\jdk-21\bin\msvcp140.dll
0x00007ff9fc3f0000 - 0x00007ff9fd107000 	C:\Program Files\Java\jdk-21\bin\server\jvm.dll
0x00007ffa45650000 - 0x00007ffa456bb000 	C:\Windows\System32\WS2_32.dll
0x00007ffa441a0000 - 0x00007ffa441eb000 	C:\Windows\SYSTEM32\POWRPROF.dll
0x00007ffa2ab80000 - 0x00007ffa2aba7000 	C:\Windows\SYSTEM32\WINMM.dll
0x00007ffa44180000 - 0x00007ffa44192000 	C:\Windows\SYSTEM32\UMPDC.dll
0x00007ffa426d0000 - 0x00007ffa426e2000 	C:\Windows\SYSTEM32\kernel.appcore.dll
0x00007ffa3e8b0000 - 0x00007ffa3e8ba000 	C:\Program Files\Java\jdk-21\bin\jimage.dll
0x00007ffa33d80000 - 0x00007ffa33f81000 	C:\Windows\SYSTEM32\DBGHELP.DLL
0x00007ffa328c0000 - 0x00007ffa328f4000 	C:\Windows\SYSTEM32\dbgcore.DLL
0x00007ffa44d70000 - 0x00007ffa44df2000 	C:\Windows\System32\bcryptPrimitives.dll
0x00007ffa36b70000 - 0x00007ffa36b8f000 	C:\Program Files\Java\jdk-21\bin\java.dll

dbghelp: loaded successfully - version: 4.0.5 - missing functions: none
symbol engine: initialized successfully - sym options: 0x614 - pdb path: .;C:\Program Files\Java\jdk-21\bin;C:\Windows\SYSTEM32;C:\Windows\WinSxS\amd64_microsoft.windows.common-controls_6595b64144ccf1df_6.0.19041.6456_none_60b8a6cb71f64256;C:\Program Files\Java\jdk-21\bin\server

VM Arguments:
jvm_args: -Dnet.bytebuddy.agent.attacher.dump= 
java_command: net.bytebuddy.agent.Attacher com.sun.tools.attach.VirtualMachine 9800 C:\Users\amaur\.m2\repository\net\bytebuddy\byte-buddy-agent\1.17.8\byte-buddy-agent-1.17.8.jar false 
java_class_path (initial): C:\Users\amaur\.m2\repository\net\bytebuddy\byte-buddy-agent\1.17.8\byte-buddy-agent-1.17.8.jar
Launcher Type: SUN_STANDARD

[Global flags]
     intx CICompilerCount                          = 3                                         {product} {ergonomic}
     uint ConcGCThreads                            = 1                                         {product} {ergonomic}
     uint G1ConcRefinementThreads                  = 4                                         {product} {ergonomic}
   size_t G1HeapRegionSize                         = 1048576                                   {product} {ergonomic}
    uintx GCDrainStackTargetSize                   = 64                                        {product} {ergonomic}
   size_t InitialHeapSize                          = 132120576                                 {product} {ergonomic}
   size_t MarkStackSize                            = 4194304                                   {product} {ergonomic}
   size_t MaxHeapSize                              = 2095054848                                {product} {ergonomic}
   size_t MinHeapDeltaBytes                        = 1048576                                   {product} {ergonomic}
   size_t MinHeapSize                              = 8388608                                   {product} {ergonomic}
    uintx NonNMethodCodeHeapSize                   = 5832780                                {pd product} {ergonomic}
    uintx NonProfiledCodeHeapSize                  = 122912730                              {pd product} {ergonomic}
    uintx ProfiledCodeHeapSize                     = 122912730                              {pd product} {ergonomic}
    uintx ReservedCodeCacheSize                    = 251658240                              {pd product} {ergonomic}
     bool SegmentedCodeCache                       = true                                      {product} {ergonomic}
   size_t SoftMaxHeapSize                          = 2095054848                             {manageable} {ergonomic}
     bool UseCompressedOops                        = true                           {product lp64_product} {ergonomic}
     bool UseG1GC                                  = true                                      {product} {ergonomic}
     bool UseLargePagesIndividualAllocation        = false                                  {pd product} {ergonomic}

Logging:
Log output configuration:
 #0: stdout all=warning uptime,level,tags foldmultilines=false
 #1: stderr all=off uptime,level,tags foldmultilines=false

Environment Variables:
JAVA_HOME=C:\Program Files\Java\jdk-21
PATH=C:\Program Files\Common Files\Oracle\Java\javapath;C:\Windows\system32;C:\Windows;C:\Windows\System32\Wbem;C:\Windows\System32\WindowsPowerShell\v1.0\;C:\Windows\System32\OpenSSH\;C:\Program Files\Java\jdk-21\bin;C:\Program Files\Git\cmd;C:\ProgramData\chocolatey\bin;C:\ProgramData\UNIVALI\Portugol Studio;C:\Program Files (x86)\Microsoft SQL Server\160\DTS\Binn\;C:\maven\apache-maven-3.9.9\bin;C:\Program Files\Kubernetes\Minikube;C:\Program Files\Docker\Docker\resources\bin;C:\Program Files\nodejs\;S:\flycli;C:\Program Files\MySQL\MySQL Shell 8.4\bin\;C:\Users\amaur\AppData\Local\Microsoft\WindowsApps;C:\Users\amaur\AppData\Local\Programs\Microsoft VS Code\bin;C:\Program Files\heroku\bin;C:\Users\amaur\AppData\Roaming\npm
USERNAME=User
OS=Windows_NT
PROCESSOR_IDENTIFIER=Intel64 Family 6 Model 37 Stepping 2, GenuineIntel
TMP=C:\Users\amaur\AppData\Local\Temp
TEMP=C:\Users\amaur\AppData\Local\Temp




Periodic native trim disabled

---------------  S Y S T E M  ---------------

OS:
 Windows 10 , 64 bit Build 19041 (10.0.19041.5915)
OS uptime: 0 days 12:32 hours
Hyper-V role detected

CPU: total 4 (initial active 4) (2 cores per cpu, 2 threads per core) family 6 model 37 stepping 2 microcode 0x11, cx8, cmov, fxsr, ht, mmx, sse, sse2, sse3, ssse3, sse4.1, sse4.2, popcnt, tsc, tscinvbit, clflush, hv, rdtscp
Processor Information for all 4 processors :
  Max Mhz: 2267, Current Mhz: 2266, Mhz Limit: 2244

Memory: 4k page, system-wide physical 7990M (1252M free)
TotalPageFile size 13059M (AvailPageFile size 21M)
current process WorkingSet (physical memory assigned to process): 10M, peak: 10M
current process commit charge ("private bytes"): 47M, peak: 48M

vm_info: Java HotSpot(TM) 64-Bit Server VM (21.0.2+13-LTS-58) for windows-amd64 JRE (21.0.2+13-LTS-58), built on 2024-01-05T18:32:24Z by "mach5one" with MS VC++ 17.1 (VS2022)

END.
